[25-Feb-2025 14:03:44 Europe/Berlin] PHP Warning:  Undefined variable $conn in D:\XAMPPDATA\htdocs\nglDashboard\pages\invoice\ctrl-recieve\get-products.php on line 19
[25-Feb-2025 14:03:44 Europe/Berlin] PHP Warning:  Undefined variable $conn in D:\XAMPPDATA\htdocs\nglDashboard\pages\invoice\ctrl-recieve\get-products.php on line 51
[25-Feb-2025 14:03:44 Europe/Berlin] PHP Fatal error:  Uncaught Error: Call to a member function query() on null in D:\XAMPPDATA\htdocs\nglDashboard\pages\invoice\ctrl-recieve\get-products.php:19
Stack trace:
#0 {main}
  thrown in D:\XAMPPDATA\htdocs\nglDashboard\pages\invoice\ctrl-recieve\get-products.php on line 19
[26-Feb-2025 03:24:07 Europe/Berlin] Error in save_invoice.php: Unknown column 'dates_id' in 'field list'
Data: {"products":[{"product_id":"10","quantity":"1","brand":"PAN-NET","code":"CJ688TGBL","description":"TX6 PLUS JACK MODULE WITH ENHANCED GIGA TX TERMINATION STYLE T567 A\/B WIRING, RJ45 PATENT #RE38, 519 BLACK"},{"product_id":"11","quantity":"1","brand":"PAN-NET","code":"C688TGWH","description":"TX6 PLUS JACK MODULE WITH ENHANCED GIGA TX TERMINATION STYLE T567 A\/B WIRING, RJ45 PATENT #RE38, 519 WHITE"}],"posting_date":"2025-02-26","delivery_date":"2025-02-27","from_company_id":"5","to_company_id":"3","plant":"plant3","po_number":"87","reference_po":"87","dr_number":"87","plant_name":"New Gen Plant 3","status_id":"5"}
[26-Feb-2025 04:16:58 Europe/Berlin] save-transfer.php - Error: Unknown column 'dates_id' in 'field list'
[26-Feb-2025 04:26:58 Europe/Berlin] save-transfer.php - Error: Unknown column 'dates_id' in 'field list'
[26-Feb-2025 04:33:27 Europe/Berlin] save-transfer.php - Error: Unknown column 'dates_id' in 'field list'
[26-Feb-2025 04:43:57 Europe/Berlin] save-transfer.php - Error: Unknown column 'dates_id' in 'field list'
[26-Feb-2025 05:27:04 Europe/Berlin] save-transfer.php - Error: Unknown column 'dates_id' in 'field list'
[26-Feb-2025 05:29:53 Europe/Berlin] save-transfer.php - Error: Unknown column 'dates_id' in 'field list'
[26-Feb-2025 09:06:34 Europe/Berlin] Error in save_transfer.php: Cannot add or update a child row: a foreign key constraint fails (`ngldb3`.`transfers`, CONSTRAINT `postingDate.transfers` FOREIGN KEY (`posting_date`) REFERENCES `dates` (`date_id`) ON DELETE CASCADE ON UPDATE CASCADE)
Data: {"products":[{"product_id":"10","quantity":"3","brand":"PAN-NET","code":"CJ688TGBL","description":"TX6 PLUS JACK MODULE WITH ENHANCED GIGA TX TERMINATION STYLE T567 A\/B WIRING, RJ45 PATENT #RE38, 519 BLACK"}],"posting_date":"","delivery_date":"","from_company_id":"3","to_company_id":"5","plant":"plant3","po_number":"9898","reference_po":"9898","dr_number":"9898","plant_name":"New Gen Plant 3","status_id":"5"}
[27-Feb-2025 02:45:44 Europe/Berlin] Error in save_invoice.php: Duplicate entry '2' for key 'po_number'
Data: {"products":[{"product_id":"12","quantity":"1","brand":"PAN-NET","code":"CJ688TGBL","description":"TX6 PLUS JACK MODULE WITH ENHANCED GIGA TX TERMINATION STYLE T567 A\/B WIRING, RJ45 PATENT #RE38, 519 BLACK"}],"posting_date":"2025-02-27","delivery_date":"2025-02-28","from_company_id":"3","to_company_id":"6","plant":"Plant6","po_number":"2","reference_po":"2","dr_number":"2","plant_name":"Amkor Plant","status_id":"5"}
[27-Feb-2025 02:47:31 Europe/Berlin] Error in save_invoice.php: Duplicate entry '2' for key 'po_number'
Data: {"products":[{"product_id":"12","quantity":"1","brand":"PAN-NET","code":"CJ688TGBL","description":"TX6 PLUS JACK MODULE WITH ENHANCED GIGA TX TERMINATION STYLE T567 A\/B WIRING, RJ45 PATENT #RE38, 519 BLACK"}],"posting_date":"2025-02-27","delivery_date":"2025-02-28","from_company_id":"5","to_company_id":"3","plant":"plant3","po_number":"2","reference_po":"2","dr_number":"2","plant_name":"New Gen Plant 3","status_id":"5"}
[27-Feb-2025 12:21:32 Europe/Berlin] PHP Fatal error:  Uncaught mysqli_sql_exception: Cannot add or update a child row: a foreign key constraint fails (`ngldb5`.`invoices`, CONSTRAINT `invoices_ibfk_3` FOREIGN KEY (`status_id`) REFERENCES `statuses` (`status_id`) ON DELETE NO ACTION ON UPDATE NO ACTION) in D:\XAMPPDATA\htdocs\nglDashboard\pages\invoice\ctrl-recieve\save-invoice.php:176
Stack trace:
#0 D:\XAMPPDATA\htdocs\nglDashboard\pages\invoice\ctrl-recieve\save-invoice.php(176): mysqli_query(Object(mysqli), 'INSERT INTO inv...')
#1 {main}
  thrown in D:\XAMPPDATA\htdocs\nglDashboard\pages\invoice\ctrl-recieve\save-invoice.php on line 176
[27-Feb-2025 12:22:13 Europe/Berlin] PHP Fatal error:  Uncaught mysqli_sql_exception: Cannot add or update a child row: a foreign key constraint fails (`ngldb5`.`invoices`, CONSTRAINT `invoices_ibfk_3` FOREIGN KEY (`status_id`) REFERENCES `statuses` (`status_id`) ON DELETE NO ACTION ON UPDATE NO ACTION) in D:\XAMPPDATA\htdocs\nglDashboard\pages\invoice\ctrl-recieve\save-invoice.php:176
Stack trace:
#0 D:\XAMPPDATA\htdocs\nglDashboard\pages\invoice\ctrl-recieve\save-invoice.php(176): mysqli_query(Object(mysqli), 'INSERT INTO inv...')
#1 {main}
  thrown in D:\XAMPPDATA\htdocs\nglDashboard\pages\invoice\ctrl-recieve\save-invoice.php on line 176
[27-Feb-2025 12:25:43 Europe/Berlin] PHP Fatal error:  Uncaught mysqli_sql_exception: Cannot add or update a child row: a foreign key constraint fails (`ngldb5`.`invoices`, CONSTRAINT `invoices_ibfk_3` FOREIGN KEY (`status_id`) REFERENCES `statuses` (`status_id`) ON DELETE NO ACTION ON UPDATE NO ACTION) in D:\XAMPPDATA\htdocs\nglDashboard\pages\invoice\ctrl-recieve\save-invoice.php:176
Stack trace:
#0 D:\XAMPPDATA\htdocs\nglDashboard\pages\invoice\ctrl-recieve\save-invoice.php(176): mysqli_query(Object(mysqli), 'INSERT INTO inv...')
#1 {main}
  thrown in D:\XAMPPDATA\htdocs\nglDashboard\pages\invoice\ctrl-recieve\save-invoice.php on line 176
[27-Feb-2025 13:26:40 Europe/Berlin] PHP Fatal error:  Uncaught mysqli_sql_exception: Duplicate entry '3434' for key 'po_number' in D:\XAMPPDATA\htdocs\nglDashboard\pages\invoice\ctrl-recieve\save-invoice.php:160
Stack trace:
#0 D:\XAMPPDATA\htdocs\nglDashboard\pages\invoice\ctrl-recieve\save-invoice.php(160): mysqli_query(Object(mysqli), 'INSERT INTO pur...')
#1 {main}
  thrown in D:\XAMPPDATA\htdocs\nglDashboard\pages\invoice\ctrl-recieve\save-invoice.php on line 160
[27-Feb-2025 13:27:29 Europe/Berlin] PHP Warning:  Undefined array key "status_id" in D:\XAMPPDATA\htdocs\nglDashboard\pages\invoice\ctrl-recieve\save-invoice.php on line 39
[27-Feb-2025 13:27:29 Europe/Berlin] Error in save_invoice.php: Unknown column 'status_id' in 'field list'
Data: {"products":[{"product_id":"1","quantity":"1","brand":"PAN-NET","code":"CJ688TGBL","description":"TX6 PLUS JACK MODULE WITH ENHANCED GIGA TX TERMINATION STYLE T567 A\/B WIRING, RJ45 PATENT #RE38, 519 BLACK"}],"posting_date":"2025-02-27","delivery_date":"2025-02-28","from_company_id":"6","to_company_id":"6","plant":"Plant6","po_number":"231","reference_po":"232","dr_number":"213","plant_name":"Amkor Plant"}
[28-Feb-2025 07:57:21 Europe/Berlin] PHP Fatal error:  Uncaught mysqli_sql_exception: Cannot add or update a child row: a foreign key constraint fails (`ngldb6`.`invoices`, CONSTRAINT `invoices_ibfk_3` FOREIGN KEY (`posting_date`) REFERENCES `dates` (`date_id`) ON DELETE NO ACTION ON UPDATE NO ACTION) in D:\XAMPPDATA\htdocs\nglDashboard\pages\invoice\ctrl-recieve\save-invoice.php:176
Stack trace:
#0 D:\XAMPPDATA\htdocs\nglDashboard\pages\invoice\ctrl-recieve\save-invoice.php(176): mysqli_query(Object(mysqli), 'INSERT INTO inv...')
#1 {main}
  thrown in D:\XAMPPDATA\htdocs\nglDashboard\pages\invoice\ctrl-recieve\save-invoice.php on line 176
[28-Feb-2025 08:09:01 Europe/Berlin] PHP Fatal error:  Uncaught mysqli_sql_exception: Cannot add or update a child row: a foreign key constraint fails (`ngldb6`.`invoices`, CONSTRAINT `invoices_ibfk_3` FOREIGN KEY (`posting_date`) REFERENCES `dates` (`date_id`) ON DELETE NO ACTION ON UPDATE NO ACTION) in D:\XAMPPDATA\htdocs\nglDashboard\pages\invoice\ctrl-recieve\save-invoice.php:176
Stack trace:
#0 D:\XAMPPDATA\htdocs\nglDashboard\pages\invoice\ctrl-recieve\save-invoice.php(176): mysqli_query(Object(mysqli), 'INSERT INTO inv...')
#1 {main}
  thrown in D:\XAMPPDATA\htdocs\nglDashboard\pages\invoice\ctrl-recieve\save-invoice.php on line 176
[28-Feb-2025 08:19:22 Europe/Berlin] PHP Warning:  Undefined array key "status_id" in D:\XAMPPDATA\htdocs\nglDashboard\pages\invoice\ctrl-recieve\save-invoice.php on line 39
[28-Feb-2025 08:19:22 Europe/Berlin] Error in save_invoice.php: Unknown column 'status_id' in 'field list'
Data: {"products":[{"product_id":"1","quantity":"59","brand":"PAN-NET","code":"CJ688TGBL","description":"TX6 PLUS JACK MODULE WITH ENHANCED GIGA TX TERMINATION STYLE T567 A\/B WIRING, RJ45 PATENT #RE38, 519 BLACK"}],"posting_date":"2025-02-28","delivery_date":"2025-03-01","from_company_id":"5","to_company_id":"3","plant":"plant3","po_number":"9","reference_po":"9","dr_number":"9","plant_name":"New Gen Plant 3"}
[28-Feb-2025 08:22:39 Europe/Berlin] PHP Warning:  Undefined array key "status_id" in D:\XAMPPDATA\htdocs\nglDashboard\pages\invoice\ctrl-recieve\save-invoice.php on line 39
[28-Feb-2025 08:22:39 Europe/Berlin] Error in save_invoice.php: Unknown column 'status_id' in 'field list'
Data: {"products":[{"product_id":"1","quantity":"59","brand":"PAN-NET","code":"CJ688TGBL","description":"TX6 PLUS JACK MODULE WITH ENHANCED GIGA TX TERMINATION STYLE T567 A\/B WIRING, RJ45 PATENT #RE38, 519 BLACK"}],"posting_date":"2025-02-28","delivery_date":"2025-02-28","from_company_id":"6","to_company_id":"3","plant":"plant3","po_number":"9","reference_po":"9","dr_number":"9","plant_name":"New Gen Plant 3"}
[28-Feb-2025 08:23:51 Europe/Berlin] PHP Warning:  Undefined variable $statusID in D:\XAMPPDATA\htdocs\nglDashboard\pages\invoice\ctrl-recieve\save-invoice.php on line 84
[28-Feb-2025 08:23:51 Europe/Berlin] Error in save_invoice.php: Unknown column 'status_id' in 'field list'
Data: {"products":[{"product_id":"1","quantity":"59","brand":"PAN-NET","code":"CJ688TGBL","description":"TX6 PLUS JACK MODULE WITH ENHANCED GIGA TX TERMINATION STYLE T567 A\/B WIRING, RJ45 PATENT #RE38, 519 BLACK"}],"posting_date":"2025-02-28","delivery_date":"2025-03-01","from_company_id":"6","to_company_id":"3","plant":"plant3","po_number":"0","reference_po":"0","dr_number":"0","plant_name":"New Gen Plant 3"}
[28-Feb-2025 08:33:45 Europe/Berlin] Error in save_invoice.php: Duplicate entry '6' for key 'po_number'
Data: {"products":[{"product_id":"7","quantity":"94","brand":"PAN-NET","code":"CJ688TPBU","description":"TX6 PLUS JACK MODULE WITH ENHANCED GIGA TX TERMINATION STYLE T567 A\/B WIRING, RJ45 PATENT #RE38, 519 BLUE"}],"posting_date":"2025-02-28","delivery_date":"2025-02-28","from_company_id":"5","to_company_id":"3","plant":"plant3","po_number":"6","reference_po":"6","dr_number":"6","plant_name":"New Gen Plant 3"}
[03-Mar-2025 09:01:46 Europe/Berlin] Error in save_invoice.php: Duplicate entry '4564' for key 'reference_po'
Data: {"products":[{"product_id":"4","quantity":"10","brand":"PAN-NET","code":"C688TGWH","description":"TX6 PLUS JACK MODULE WITH ENHANCED GIGA TX TERMINATION STYLE T567 A\/B WIRING, RJ45 PATENT #RE38, 519 WHITE"}],"posting_date":"2025-03-03","delivery_date":"2025-03-04","from_company_id":"1","to_company_id":"5","po_number":"4564","reference_po":"4564","dr_number":"747"}
